<?xml version="1.0" encoding="UTF-8"?>
<!-- Generated by org.testng.reporters.JUnitXMLReporter -->
<testsuite ignored="34" hostname="Adityas-MacBook-Pro.local" failures="1" tests="12" name="Regression Tests" time="283.12" errors="0" timestamp="2025-10-04T02:39:26 IST">
  <testcase classname="ecommerceautomation.tests.TestCaseEight" name="verifyAllProductsTestEight" time="6.989"/>
  <testcase classname="ecommerceautomation.tests.TestCaseFour" name="UserLogoutTestFour" time="5.361"/>
  <testcase classname="ecommerceautomation.tests.TestCaseOne" name="RegisterUserTestOne" time="9.212"/>
  <testcase classname="ecommerceautomation.tests.TestCaseSixteen" name="LoginBeforeCheckoutTestSixteen" time="25.131"/>
  <testcase classname="ecommerceautomation.tests.TestCaseNine" name="SearchProductTestNine" time="14.072"/>
  <testcase classname="ecommerceautomation.tests.TestCaseNineteen" name="BrandAndCategoryTestNineteen" time="29.822"/>
  <testcase classname="ecommerceautomation.tests.TestCaseSix" name="ContactUsTestSix" time="4.744"/>
  <testcase classname="ecommerceautomation.tests.TestCaseFive" name="registerExistingUserTestFive" time="2.917"/>
  <testcase classname="ecommerceautomation.tests.TestCaseFourteen" name="RegisterWhileCheckoutTestFourteen" time="33.468"/>
  <testcase classname="ecommerceautomation.tests.TestCaseThree" name="InvalidUserLoginTestThree" time="2.65"/>
  <testcase classname="ecommerceautomation.tests.TestCaseSeventeen" name="RemoveProductFromCartTestSeventeen" time="14.858"/>
  <testcase classname="ecommerceautomation.tests.TestCaseTwo" name="ValidUserLoginTestTwo" time="11.774">
    <failure type="java.lang.AssertionError" message="Account creation failed or user not logged in. expected [true] but found [false]">
      <![CDATA[java.lang.AssertionError: Account creation failed or user not logged in. expected [true] but found [false]
at ecommerceautomation.tests.TestCaseTwo.ValidUserLoginTestTwo(TestCaseTwo.java:53)
at java.base/java.util.ArrayList.forEach(ArrayList.java:1597)
... Removed 28 stack frames]]>
    </failure>
  </testcase> <!-- ValidUserLoginTestTwo -->
  <testcase classname="ecommerceautomation.base.BaseTest" name="@BeforeSuite setupConfig" time="0.0">
    <ignored/>
  </testcase> <!-- @BeforeSuite setupConfig -->
  <testcase classname="ecommerceautomation.tests.LoginTest" name="validUserLoginTest" time="0.0">
    <ignored/>
  </testcase> <!-- validUserLoginTest -->
  <testcase classname="ecommerceautomation.tests.SignupPageTest" name="accountDeletionCheck" time="0.0">
    <ignored/>
  </testcase> <!-- accountDeletionCheck -->
  <testcase classname="ecommerceautomation.base.BaseTest" name="@BeforeSuite setupConfig" time="0.0">
    <ignored/>
  </testcase> <!-- @BeforeSuite setupConfig -->
  <testcase classname="ecommerceautomation.base.BaseTest" name="@BeforeSuite setupConfig" time="0.0">
    <ignored/>
  </testcase> <!-- @BeforeSuite setupConfig -->
  <testcase classname="ecommerceautomation.base.BaseTest" name="@BeforeSuite setupConfig" time="0.0">
    <ignored/>
  </testcase> <!-- @BeforeSuite setupConfig -->
  <testcase classname="ecommerceautomation.base.BaseTest" name="@BeforeSuite setupConfig" time="0.0">
    <ignored/>
  </testcase> <!-- @BeforeSuite setupConfig -->
  <testcase classname="ecommerceautomation.tests.LoginTest" name="invalidUserLoginTest" time="0.0">
    <ignored/>
  </testcase> <!-- invalidUserLoginTest -->
  <testcase classname="ecommerceautomation.base.BaseTest" name="@BeforeSuite setupConfig" time="0.0">
    <ignored/>
  </testcase> <!-- @BeforeSuite setupConfig -->
  <testcase classname="ecommerceautomation.tests.CategoryBrandTest" name="checkCategoryAndBrand" time="0.0">
    <ignored/>
  </testcase> <!-- checkCategoryAndBrand -->
  <testcase classname="ecommerceautomation.base.BaseTest" name="@BeforeSuite setupConfig" time="0.0">
    <ignored/>
  </testcase> <!-- @BeforeSuite setupConfig -->
  <testcase classname="ecommerceautomation.base.BaseTest" name="@BeforeSuite setupConfig" time="0.0">
    <ignored/>
  </testcase> <!-- @BeforeSuite setupConfig -->
  <testcase classname="ecommerceautomation.tests.CheckoutTest" name="placeOrderTest" time="0.0">
    <ignored/>
  </testcase> <!-- placeOrderTest -->
  <testcase classname="ecommerceautomation.tests.ContactUsPageTest" name="contactPageTest" time="0.0">
    <ignored/>
  </testcase> <!-- contactPageTest -->
  <testcase classname="ecommerceautomation.base.BaseTest" name="@BeforeSuite setupConfig" time="0.0">
    <ignored/>
  </testcase> <!-- @BeforeSuite setupConfig -->
  <testcase classname="ecommerceautomation.base.BaseTest" name="@BeforeSuite setupConfig" time="0.0">
    <ignored/>
  </testcase> <!-- @BeforeSuite setupConfig -->
  <testcase classname="ecommerceautomation.base.BaseTest" name="@BeforeSuite setupConfig" time="0.0">
    <ignored/>
  </testcase> <!-- @BeforeSuite setupConfig -->
  <testcase classname="ecommerceautomation.tests.CartTest" name="proceedToCheckoutFlow" time="0.0">
    <ignored/>
  </testcase> <!-- proceedToCheckoutFlow -->
  <testcase classname="ecommerceautomation.tests.PaymentTest" name="completePaymentFlow" time="0.0">
    <ignored/>
  </testcase> <!-- completePaymentFlow -->
  <testcase classname="ecommerceautomation.base.BaseTest" name="@BeforeSuite setupConfig" time="0.0">
    <ignored/>
  </testcase> <!-- @BeforeSuite setupConfig -->
  <testcase classname="ecommerceautomation.base.BaseTest" name="@BeforeSuite setupConfig" time="0.0">
    <ignored/>
  </testcase> <!-- @BeforeSuite setupConfig -->
  <testcase classname="ecommerceautomation.base.BaseTest" name="@BeforeSuite setupConfig" time="0.0">
    <ignored/>
  </testcase> <!-- @BeforeSuite setupConfig -->
  <testcase classname="ecommerceautomation.base.BaseTest" name="@BeforeSuite setupConfig" time="0.0">
    <ignored/>
  </testcase> <!-- @BeforeSuite setupConfig -->
  <testcase classname="ecommerceautomation.base.BaseTest" name="@BeforeSuite setupConfig" time="0.0">
    <ignored/>
  </testcase> <!-- @BeforeSuite setupConfig -->
  <testcase classname="ecommerceautomation.base.BaseTest" name="@BeforeSuite setupConfig" time="0.0">
    <ignored/>
  </testcase> <!-- @BeforeSuite setupConfig -->
  <testcase classname="ecommerceautomation.tests.SignupPageTest" name="registerNewUserTest" time="0.0">
    <ignored/>
  </testcase> <!-- registerNewUserTest -->
  <testcase classname="ecommerceautomation.tests.OrderConfirmationTest" name="verifyOrderConfirmation" time="0.0">
    <ignored/>
  </testcase> <!-- verifyOrderConfirmation -->
  <testcase classname="ecommerceautomation.tests.AccountInformationPageTest" name="newAccountTest" time="0.0">
    <ignored/>
  </testcase> <!-- newAccountTest -->
  <testcase classname="ecommerceautomation.base.BaseTest" name="@BeforeSuite setupConfig" time="0.0">
    <ignored/>
  </testcase> <!-- @BeforeSuite setupConfig -->
  <testcase classname="ecommerceautomation.base.BaseTest" name="@BeforeSuite setupConfig" time="0.0">
    <ignored/>
  </testcase> <!-- @BeforeSuite setupConfig -->
  <testcase classname="ecommerceautomation.tests.ProductTest" name="searchAndAddProductToCart" time="0.0">
    <ignored/>
  </testcase> <!-- searchAndAddProductToCart -->
  <testcase classname="ecommerceautomation.tests.CartTest" name="verifyCartOperations" time="0.0">
    <ignored/>
  </testcase> <!-- verifyCartOperations -->
  <testcase classname="ecommerceautomation.base.BaseTest" name="@BeforeSuite setupConfig" time="0.0">
    <ignored/>
  </testcase> <!-- @BeforeSuite setupConfig -->
  <testcase classname="ecommerceautomation.base.BaseTest" name="@BeforeSuite setupConfig" time="0.0">
    <ignored/>
  </testcase> <!-- @BeforeSuite setupConfig -->
</testsuite> <!-- Regression Tests -->
