<?xml version="1.0" encoding="UTF-8"?>
<!-- Generated by org.testng.reporters.JUnitXMLReporter -->
<testsuite ignored="15" hostname="Adityas-MacBook-Pro.local" failures="1" tests="7" name="Sanity Tests" time="166.416" errors="0" timestamp="2025-10-02T14:05:24 IST">
  <testcase classname="ecommerceautomation.tests.SignupPageTest" name="registerNewUserTest" time="15.121"/>
  <testcase classname="ecommerceautomation.tests.ProductTest" name="searchAndAddProductToCart" time="13.864"/>
  <testcase classname="ecommerceautomation.tests.ContactUsPageTest" name="contactPageTest" time="2.202"/>
  <testcase classname="ecommerceautomation.tests.LoginTest" name="invalidUserLoginTest" time="11.938"/>
  <testcase classname="ecommerceautomation.tests.LoginTest" name="validUserLoginTest" time="10.201"/>
  <testcase classname="ecommerceautomation.tests.AccountInformationPageTest" name="registerNewUserTest" time="20.123">
    <failure type="org.openqa.selenium.TimeoutException" message="Expected condition failed: waiting for visibility of element located by By.xpath: //input[@name=&amp;apos;title&amp;apos;] (tried for 15 second(s) with 500 milliseconds interval)
Build info: version: &amp;apos;4.23.0&amp;apos;, revision: &amp;apos;4df0a231af&amp;apos;
System info: os.name: &amp;apos;Mac OS X&amp;apos;, os.arch: &amp;apos;x86_64&amp;apos;, os.version: &amp;apos;15.4.1&amp;apos;, java.version: &amp;apos;23.0.2&amp;apos;
Driver info: org.openqa.selenium.chrome.ChromeDriver
Capabilities {acceptInsecureCerts: false, browserName: chrome, browserVersion: 140.0.7339.214, chrome: {chromedriverVersion: 140.0.7339.207 (17230b545fd..., userDataDir: /var/folders/fh/mrx4vbm562g...}, fedcm:accounts: true, goog:chromeOptions: {debuggerAddress: localhost:49796}, networkConnectionEnabled: false, pageLoadStrategy: normal, platformName: mac, proxy: Proxy(), se:cdp: ws://localhost:49796/devtoo..., se:cdpVersion: 140.0.7339.214, setWindowRect: true, strictFileInteractability: false, timeouts: {implicit: 0, pageLoad: 300000, script: 30000}, unhandledPromptBehavior: dismiss and notify, webauthn:extension:credBlob: true, webauthn:extension:largeBlob: true, webauthn:extension:minPinLength: true, webauthn:extension:prf: true, webauthn:virtualAuthenticators: true}
Session ID: f10c509663918a34c2120e548d880ac5">
      <![CDATA[org.openqa.selenium.TimeoutException: Expected condition failed: waiting for visibility of element located by By.xpath: //input[@name='title'] (tried for 15 second(s) with 500 milliseconds interval)
Build info: version: '4.23.0', revision: '4df0a231af'
System info: os.name: 'Mac OS X', os.arch: 'x86_64', os.version: '15.4.1', java.version: '23.0.2'
Driver info: org.openqa.selenium.chrome.ChromeDriver
Capabilities {acceptInsecureCerts: false, browserName: chrome, browserVersion: 140.0.7339.214, chrome: {chromedriverVersion: 140.0.7339.207 (17230b545fd..., userDataDir: /var/folders/fh/mrx4vbm562g...}, fedcm:accounts: true, goog:chromeOptions: {debuggerAddress: localhost:49796}, networkConnectionEnabled: false, pageLoadStrategy: normal, platformName: mac, proxy: Proxy(), se:cdp: ws://localhost:49796/devtoo..., se:cdpVersion: 140.0.7339.214, setWindowRect: true, strictFileInteractability: false, timeouts: {implicit: 0, pageLoad: 300000, script: 30000}, unhandledPromptBehavior: dismiss and notify, webauthn:extension:credBlob: true, webauthn:extension:largeBlob: true, webauthn:extension:minPinLength: true, webauthn:extension:prf: true, webauthn:virtualAuthenticators: true}
Session ID: f10c509663918a34c2120e548d880ac5
at org.openqa.selenium.support.ui.WebDriverWait.timeoutException(WebDriverWait.java:84)
at org.openqa.selenium.support.ui.FluentWait.until(FluentWait.java:228)
at ecommerceautomation.utils.WaitUtils.waitForElementToBeVisible(WaitUtils.java:43)
at ecommerceautomation.pages.AccountInformationPage.enterAccountInformation(AccountInformationPage.java:55)
at ecommerceautomation.tests.AccountInformationPageTest.registerNewUserTest(AccountInformationPageTest.java:39)
at java.base/java.util.ArrayList.forEach(ArrayList.java:1597)
... Removed 25 stack frames]]>
    </failure>
  </testcase> <!-- registerNewUserTest -->
  <testcase classname="ecommerceautomation.tests.CartTest" name="verifyCartOperations" time="28.796"/>
  <testcase classname="ecommerceautomation.base.BaseTest" name="@BeforeSuite setupConfig" time="0.0">
    <ignored/>
  </testcase> <!-- @BeforeSuite setupConfig -->
  <testcase classname="ecommerceautomation.tests.SignupPageTest" name="accountDeletionCheck" time="0.0">
    <ignored/>
  </testcase> <!-- accountDeletionCheck -->
  <testcase classname="ecommerceautomation.base.BaseTest" name="@BeforeSuite setupConfig" time="0.0">
    <ignored/>
  </testcase> <!-- @BeforeSuite setupConfig -->
  <testcase classname="ecommerceautomation.base.BaseTest" name="@BeforeSuite setupConfig" time="0.0">
    <ignored/>
  </testcase> <!-- @BeforeSuite setupConfig -->
  <testcase classname="ecommerceautomation.base.BaseTest" name="@BeforeSuite setupConfig" time="0.0">
    <ignored/>
  </testcase> <!-- @BeforeSuite setupConfig -->
  <testcase classname="ecommerceautomation.tests.CategoryBrandTest" name="checkCategoryAndBrand" time="0.0">
    <ignored/>
  </testcase> <!-- checkCategoryAndBrand -->
  <testcase classname="ecommerceautomation.base.BaseTest" name="@BeforeSuite setupConfig" time="0.0">
    <ignored/>
  </testcase> <!-- @BeforeSuite setupConfig -->
  <testcase classname="ecommerceautomation.tests.OrderConfirmationTest" name="verifyOrderConfirmation" time="0.0">
    <ignored/>
  </testcase> <!-- verifyOrderConfirmation -->
  <testcase classname="ecommerceautomation.base.BaseTest" name="@BeforeSuite setupConfig" time="0.0">
    <ignored/>
  </testcase> <!-- @BeforeSuite setupConfig -->
  <testcase classname="ecommerceautomation.tests.PaymentTest" name="completePaymentFlow" time="0.0">
    <ignored/>
  </testcase> <!-- completePaymentFlow -->
  <testcase classname="ecommerceautomation.base.BaseTest" name="@BeforeSuite setupConfig" time="0.0">
    <ignored/>
  </testcase> <!-- @BeforeSuite setupConfig -->
  <testcase classname="ecommerceautomation.base.BaseTest" name="@BeforeSuite setupConfig" time="0.0">
    <ignored/>
  </testcase> <!-- @BeforeSuite setupConfig -->
  <testcase classname="ecommerceautomation.base.BaseTest" name="@BeforeSuite setupConfig" time="0.0">
    <ignored/>
  </testcase> <!-- @BeforeSuite setupConfig -->
  <testcase classname="ecommerceautomation.tests.CheckoutTest" name="placeOrderTest" time="0.0">
    <ignored/>
  </testcase> <!-- placeOrderTest -->
  <testcase classname="ecommerceautomation.tests.CartTest" name="proceedToCheckoutFlow" time="0.0">
    <ignored/>
  </testcase> <!-- proceedToCheckoutFlow -->
</testsuite> <!-- Sanity Tests -->
