<html>
<head>
<title>TestNG:  Sanity Tests</title>
<link href="../testng.css" rel="stylesheet" type="text/css" />
<link href="../my-testng.css" rel="stylesheet" type="text/css" />

<style type="text/css">
.log { display: none;} 
.stack-trace { display: none;} 
</style>
<script type="text/javascript">
<!--
function flip(e) {
  current = e.style.display;
  if (current == 'block') {
    e.style.display = 'none';
    return 0;
  }
  else {
    e.style.display = 'block';
    return 1;
  }
}

function toggleBox(szDivId, elem, msg1, msg2)
{
  var res = -1;  if (document.getElementById) {
    res = flip(document.getElementById(szDivId));
  }
  else if (document.all) {
    // this is the way old msie versions work
    res = flip(document.all[szDivId]);
  }
  if(elem) {
    if(res == 0) elem.innerHTML = msg1; else elem.innerHTML = msg2;
  }

}

function toggleAllBoxes() {
  if (document.getElementsByTagName) {
    d = document.getElementsByTagName('div');
    for (i = 0; i < d.length; i++) {
      if (d[i].className == 'log') {
        flip(d[i]);
      }
    }
  }
}

// -->
</script>

</head>
<body>
<h2 align='center'>Sanity Tests</h2><table border='1' align="center">
<tr>
<td>Tests passed/Failed/Skipped:</td><td>6/1/0</td>
</tr><tr>
<td>Started on:</td><td>Thu Oct 02 14:02:37 IST 2025</td>
</tr>
<tr><td>Total time:</td><td>166 seconds (166416 ms)</td>
</tr><tr>
<td>Included groups:</td><td>sanity </td>
</tr><tr>
<td>Excluded groups:</td><td></td>
</tr>
</table><p/>
<small><i>(Hover the method name to see the test class name)</i></small><p/>
<table width='100%' border='1' class='invocation-failed'>
<tr><td colspan='4' align='center'><b>FAILED TESTS</b></td></tr>
<tr><td><b>Test method</b></td>
<td><b>Attribute(s)</b></td>
<td width="30%"><b>Exception</b></td>
<td width="10%"><b>Time (seconds)</b></td>
<td><b>Instance</b></td>
</tr>
<tr>
<td title='ecommerceautomation.tests.AccountInformationPageTest.registerNewUserTest()'><b>registerNewUserTest</b><br>Test class: ecommerceautomation.tests.AccountInformationPageTest<br>Parameters: A, a@z3.com, Test, Mr., 10, July, 1992, John, Doe, MyCompany, 123 Main Street, India, Maharashtra, Pandharpur, 413304, 1234567890, This is TEST SUBJECT !, This is TEST MESSAGE !</td>
<td><div><pre>org.openqa.selenium.TimeoutException: Expected condition failed: waiting for visibility of element located by By.xpath: //input[@name=&apos;title&apos;] (tried for 15 second(s) with 500 milliseconds interval)
Build info: version: &apos;4.23.0&apos;, revision: &apos;4df0a231af&apos;
System info: os.name: &apos;Mac OS X&apos;, os.arch: &apos;x86_64&apos;, os.version: &apos;15.4.1&apos;, java.version: &apos;23.0.2&apos;
Driver info: org.openqa.selenium.chrome.ChromeDriver
Capabilities {acceptInsecureCerts: false, browserName: chrome, browserVersion: 140.0.7339.214, chrome: {chromedriverVersion: 140.0.7339.207 (17230b545fd..., userDataDir: /var/folders/fh/mrx4vbm562g...}, fedcm:accounts: true, goog:chromeOptions: {debuggerAddress: localhost:49796}, networkConnectionEnabled: false, pageLoadStrategy: normal, platformName: mac, proxy: Proxy(), se:cdp: ws://localhost:49796/devtoo..., se:cdpVersion: 140.0.7339.214, setWindowRect: true, strictFileInteractability: false, timeouts: {implicit: 0, pageLoad: 300000, script: 30000}, unhandledPromptBehavior: dismiss and notify, webauthn:extension:credBlob: true, webauthn:extension:largeBlob: true, webauthn:extension:minPinLength: true, webauthn:extension:prf: true, webauthn:virtualAuthenticators: true}
Session ID: f10c509663918a34c2120e548d880ac5
	at org.openqa.selenium.support.ui.WebDriverWait.timeoutException(WebDriverWait.java:84)
	at org.openqa.selenium.support.ui.FluentWait.until(FluentWait.java:228)
	at ecommerceautomation.utils.WaitUtils.waitForElementToBeVisible(WaitUtils.java:43)
	at ecommerceautomation.pages.AccountInformationPage.enterAccountInformation(AccountInformationPage.java:55)
	at ecommerceautomation.tests.AccountInformationPageTest.registerNewUserTest(AccountInformationPageTest.java:39)
	at java.base/java.util.ArrayList.forEach(ArrayList.java:1597)
... Removed 25 stack frames</pre></div><a href='#' onClick='toggleBox("stack-trace1386903362", this, "Click to show all stack frames", "Click to hide stack frames")'>Click to show all stack frames</a>
<div class='stack-trace' id='stack-trace1386903362'><pre>org.openqa.selenium.TimeoutException: Expected condition failed: waiting for visibility of element located by By.xpath: //input[@name=&apos;title&apos;] (tried for 15 second(s) with 500 milliseconds interval)
Build info: version: &apos;4.23.0&apos;, revision: &apos;4df0a231af&apos;
System info: os.name: &apos;Mac OS X&apos;, os.arch: &apos;x86_64&apos;, os.version: &apos;15.4.1&apos;, java.version: &apos;23.0.2&apos;
Driver info: org.openqa.selenium.chrome.ChromeDriver
Capabilities {acceptInsecureCerts: false, browserName: chrome, browserVersion: 140.0.7339.214, chrome: {chromedriverVersion: 140.0.7339.207 (17230b545fd..., userDataDir: /var/folders/fh/mrx4vbm562g...}, fedcm:accounts: true, goog:chromeOptions: {debuggerAddress: localhost:49796}, networkConnectionEnabled: false, pageLoadStrategy: normal, platformName: mac, proxy: Proxy(), se:cdp: ws://localhost:49796/devtoo..., se:cdpVersion: 140.0.7339.214, setWindowRect: true, strictFileInteractability: false, timeouts: {implicit: 0, pageLoad: 300000, script: 30000}, unhandledPromptBehavior: dismiss and notify, webauthn:extension:credBlob: true, webauthn:extension:largeBlob: true, webauthn:extension:minPinLength: true, webauthn:extension:prf: true, webauthn:virtualAuthenticators: true}
Session ID: f10c509663918a34c2120e548d880ac5
	at org.openqa.selenium.support.ui.WebDriverWait.timeoutException(WebDriverWait.java:84)
	at org.openqa.selenium.support.ui.FluentWait.until(FluentWait.java:228)
	at ecommerceautomation.utils.WaitUtils.waitForElementToBeVisible(WaitUtils.java:43)
	at ecommerceautomation.pages.AccountInformationPage.enterAccountInformation(AccountInformationPage.java:55)
	at ecommerceautomation.tests.AccountInformationPageTest.registerNewUserTest(AccountInformationPageTest.java:39)
	at java.base/jdk.internal.reflect.DirectMethodHandleAccessor.invoke(DirectMethodHandleAccessor.java:103)
	at java.base/java.lang.reflect.Method.invoke(Method.java:580)
	at org.testng.internal.invokers.MethodInvocationHelper.invokeMethod(MethodInvocationHelper.java:141)
	at org.testng.internal.invokers.TestInvoker.invokeMethod(TestInvoker.java:687)
	at org.testng.internal.invokers.TestInvoker.invokeTestMethod(TestInvoker.java:230)
	at org.testng.internal.invokers.MethodRunner.runInSequence(MethodRunner.java:63)
	at org.testng.internal.invokers.TestInvoker$MethodInvocationAgent.invoke(TestInvoker.java:995)
	at org.testng.internal.invokers.TestInvoker.invokeTestMethods(TestInvoker.java:203)
	at org.testng.internal.invokers.TestMethodWorker.invokeTestMethods(TestMethodWorker.java:154)
	at org.testng.internal.invokers.TestMethodWorker.run(TestMethodWorker.java:134)
	at java.base/java.util.ArrayList.forEach(ArrayList.java:1597)
	at org.testng.TestRunner.privateRun(TestRunner.java:741)
	at org.testng.TestRunner.run(TestRunner.java:616)
	at org.testng.SuiteRunner.runTest(SuiteRunner.java:421)
	at org.testng.SuiteRunner.runSequentially(SuiteRunner.java:413)
	at org.testng.SuiteRunner.privateRun(SuiteRunner.java:373)
	at org.testng.SuiteRunner.run(SuiteRunner.java:312)
	at org.testng.SuiteRunnerWorker.runSuite(SuiteRunnerWorker.java:52)
	at org.testng.SuiteRunnerWorker.run(SuiteRunnerWorker.java:95)
	at org.testng.TestNG.runSuitesSequentially(TestNG.java:1274)
	at org.testng.TestNG.runSuitesLocally(TestNG.java:1208)
	at org.testng.TestNG.runSuites(TestNG.java:1112)
	at org.testng.TestNG.run(TestNG.java:1079)
	at org.testng.remote.AbstractRemoteTestNG.run(AbstractRemoteTestNG.java:115)
	at org.testng.remote.RemoteTestNG.initAndRun(RemoteTestNG.java:293)
	at org.testng.remote.RemoteTestNG.main(RemoteTestNG.java:91)
</pre></div></td>
<td>20</td>
<td>ecommerceautomation.tests.AccountInformationPageTest@76ed1b7c</td></tr>
</table><p>
<table width='100%' border='1' class='invocation-passed'>
<tr><td colspan='4' align='center'><b>PASSED TESTS</b></td></tr>
<tr><td><b>Test method</b></td>
<td><b>Attribute(s)</b></td>
<td width="30%"><b>Exception</b></td>
<td width="10%"><b>Time (seconds)</b></td>
<td><b>Instance</b></td>
</tr>
<tr>
<td title='ecommerceautomation.tests.LoginTest.invalidUserLoginTest()'><b>invalidUserLoginTest</b><br>Test class: ecommerceautomation.tests.LoginTest<br>Parameters: invaliduser@example.com, WrongPass</td>
<td></td>
<td>11</td>
<td>ecommerceautomation.tests.LoginTest@17a7f733</td></tr>
<tr>
<td title='ecommerceautomation.tests.CartTest.verifyCartOperations()'><b>verifyCartOperations</b><br>Test class: ecommerceautomation.tests.CartTest</td>
<td></td>
<td>28</td>
<td>ecommerceautomation.tests.CartTest@11fc564b</td></tr>
<tr>
<td title='ecommerceautomation.tests.ProductTest.searchAndAddProductToCart()'><b>searchAndAddProductToCart</b><br>Test class: ecommerceautomation.tests.ProductTest</td>
<td></td>
<td>13</td>
<td>ecommerceautomation.tests.ProductTest@5609159b</td></tr>
<tr>
<td title='ecommerceautomation.tests.SignupPageTest.registerNewUserTest()'><b>registerNewUserTest</b><br>Test class: ecommerceautomation.tests.SignupPageTest<br>Parameters: A, a@z3.com, Test, Mr., 10, July, 1992, John, Doe, MyCompany, 123 Main Street, India, Maharashtra, Pandharpur, 413304, 1234567890, This is TEST SUBJECT !, This is TEST MESSAGE !</td>
<td></td>
<td>15</td>
<td>ecommerceautomation.tests.SignupPageTest@21b2e768</td></tr>
<tr>
<td title='ecommerceautomation.tests.LoginTest.validUserLoginTest()'><b>validUserLoginTest</b><br>Test class: ecommerceautomation.tests.LoginTest<br>Parameters: aditya@p.com, AdityaPass123</td>
<td></td>
<td>10</td>
<td>ecommerceautomation.tests.LoginTest@17a7f733</td></tr>
<tr>
<td title='ecommerceautomation.tests.ContactUsPageTest.contactPageTest()'><b>contactPageTest</b><br>Test class: ecommerceautomation.tests.ContactUsPageTest<br>Parameters: John Doe, aditya@p.com, AdityaPass123, Mr., 10, July, 1992, John, Doe, MyCompany, 123 Main Street, India, Maharashtra, Pandharpur, 413304, 1234567890, This is TEST SUBJECT !, This is TEST MESSAGE !</td>
<td></td>
<td>2</td>
<td>ecommerceautomation.tests.ContactUsPageTest@2118cddf</td></tr>
</table><p>
</body>
</html>